-------------------------------------
Beginning Export of Source Files
SqlUserAdmin.accdb
VCS Version 4.1.2
Full Path: C:\PAI\Dev\SqlUserAdmin\SqlUserAdmin.accdb
Export Folder: C:\PAI\Dev\SqlUserAdmin\SqlUserAdmin.accdb.src\
Performing Full Export
1/8/26 8:49:54 AM
Updated VCS (4.1.0 -> 4.1.2)
-------------------------------------
Scanning external databases...
 - JobCost
   No connection string found. (.env)

-------------------------------------
WARNING: File not found: 
Source: modImportExport.ExportSchemas
-------------------------------------
Set the connection string for this external database connection in VCS options to automatically create this file.
(This file may contain authentication credentials and should be excluded from version control.)
-------------------------------------
Scanning source files...
No vbe forms found in this database.
No proj properties found in this database.
No saved specs found in this database.
No commandbars found in this database.
No shared images found in this database.
No imex specs found in this database.
No queries found in this database.
No macros found in this database.
No reports found in this database.
No table data macros found in this database.
No relations found in this database.
No hidden attributes found in this database.
-------------------------------------
Exporting db connections...   
  Database Connection
[1]
-------------------------------------
Exporting project...          
  SqlUserAdmin.accdb
[1]
-------------------------------------
Exporting vb project...       
  SqlUserAdmin
[1]
-------------------------------------
Exporting vbe references...   
  stdole
[5]
-------------------------------------
Exporting modules...          
  modLog
  ClassAdm
  ClassCrypt
[3]
-------------------------------------
Exporting themes...           
  Office Theme
[1]
-------------------------------------
Exporting db properties...    
  Database Properties (DAO)
[53]
-------------------------------------
Exporting tables...           
  feUser
    Sanitized in 0.001 seconds.
  feUser (SQL)
  sysVar
  USysVar
    Sanitized in 0.001 seconds.
  USysVar (SQL)
[3]
-------------------------------------
Exporting forms...            
  A
    Sanitized in 0.004 seconds.
  UserList
    Sanitized in 0.001 seconds.
  MainMenu
    Sanitized in 0.003 seconds.
[3]
-------------------------------------
Exporting table data...       
  feUser
    Sanitized in 0.000 seconds.
  USysVar
    Sanitized in 0.000 seconds.
[2]
-------------------------------------
Exporting doc properties...   
  Database Documents
[2]
-------------------------------------
Exporting nav pane groups...  
  Groups
[1]
-------------------------------------
Done. (0.87 seconds)

--------------------------------------------------
                PERFORMANCE REPORTS
--------------------------------------------------
Category                      Count     Seconds
--------------------------------------------------
Forms                         3         0.32
DB Properties                 53        0.08
Table Data                    2         0.06
Tables                        3         0.05
Modules                       3         0.04
Doc Properties                2         0.03
DB Connections                1         0.03
Nav Pane Groups               1         0.03
VBE References                5         0.03
Themes                        1         0.02
VB Project                    1         0.02
CommandBars                   0         0.01
Project                       1         0.01
Hidden Attributes             0         0.01
Proj Properties               0         0.00
Shared Images                 0         0.00
Table Data Macros             0         0.00
Relations                     0         0.00
IMEX Specs                    0         0.00
VBE Forms                     0         0.00
Queries                       0         0.00
Saved Specs                   0         0.00
Reports                       0         0.00
Macros                        0         0.00
--------------------------------------------------
TOTALS:                       76        0.76
--------------------------------------------------

--------------------------------------------------
Operations                    Count     Seconds
--------------------------------------------------
Increment Progress            54        0.15
Convert to JSON               618       0.12
Scan DB Objects               1         0.08
App.ExportXML()               4         0.04
Console Updates               3         0.04
Export VBE Module             3         0.01
Get File Property Hash        32        0.01
App.SaveAsText()              3         0.01
Sanitize File                 3         0.01
Clear Orphaned Files          14        0.01
Write File                    23        0.01
Quick Count Files             1         0.00
Compute SHA256                68        0.00
modFileAccess.VerifyPath      31        0.00
Sanitize VBA Code             6         0.00
Quick Count Objects           1         0.00
Get VBA Hash                  6         0.00
Delete File                   15        0.00
Clear Files by Ext            6         0.00
Read File Bytes               11        0.00
Read File DevMode             3         0.00
Read File                     11        0.00
Save Table SQL                2         0.00
Parse JSON                    1         0.00
Get Modified Date             35        0.00
Parse JSON ISO Date           33        0.00
Check for linked table        3         0.00
Scan External Databases       1         0.00
Sanitize XML                  4         0.00
Format XML                    4         0.00
Close Open Objects            1         0.00
Export Theme                  1         0.00
modFileAccess.GetUncPath      4         0.00
--------------------------------------------------
Other Operations                        0.34
--------------------------------------------------


